<?xml version="1.0" encoding="UTF-8"?>
<testsuites>
  <testsuite name="" tests="17" assertions="20" errors="0" warnings="0" failures="0" skipped="0" time="5.021279">
    <testsuite name="CodeIgniter Application Test Suite" tests="17" assertions="20" errors="0" warnings="0" failures="0" skipped="0" time="5.021279">
      <testsuite name="Auth_test" file="C:\Users\infot\Important SYS\workspace\SoftwareEngineering\XAMPP\htdocs\repo\application\tests\controllers\Auth_test.php" tests="11" assertions="14" errors="0" warnings="0" failures="0" skipped="0" time="4.733271">
        <testcase name="test_Login_true" class="Auth_test" classname="Auth_test" file="C:\Users\infot\Important SYS\workspace\SoftwareEngineering\XAMPP\htdocs\repo\application\tests\controllers\Auth_test.php" line="7" assertions="1" time="0.213660"/>
        <testcase name="test_Login_false" class="Auth_test" classname="Auth_test" file="C:\Users\infot\Important SYS\workspace\SoftwareEngineering\XAMPP\htdocs\repo\application\tests\controllers\Auth_test.php" line="15" assertions="1" time="0.031642"/>
        <testcase name="test_Login_missing" class="Auth_test" classname="Auth_test" file="C:\Users\infot\Important SYS\workspace\SoftwareEngineering\XAMPP\htdocs\repo\application\tests\controllers\Auth_test.php" line="23" assertions="1" time="0.049626"/>
        <testcase name="test_resetpassword_true" class="Auth_test" classname="Auth_test" file="C:\Users\infot\Important SYS\workspace\SoftwareEngineering\XAMPP\htdocs\repo\application\tests\controllers\Auth_test.php" line="30" assertions="1" time="0.024614"/>
        <testcase name="test_resetpassword_false" class="Auth_test" classname="Auth_test" file="C:\Users\infot\Important SYS\workspace\SoftwareEngineering\XAMPP\htdocs\repo\application\tests\controllers\Auth_test.php" line="35" assertions="2" time="0.037681"/>
        <testcase name="test_resetpassword_main_false" class="Auth_test" classname="Auth_test" file="C:\Users\infot\Important SYS\workspace\SoftwareEngineering\XAMPP\htdocs\repo\application\tests\controllers\Auth_test.php" line="59" assertions="2" time="0.024192"/>
        <testcase name="test_signup_false" class="Auth_test" classname="Auth_test" file="C:\Users\infot\Important SYS\workspace\SoftwareEngineering\XAMPP\htdocs\repo\application\tests\controllers\Auth_test.php" line="82" assertions="2" time="0.273871"/>
        <testcase name="test_signup_true" class="Auth_test" classname="Auth_test" file="C:\Users\infot\Important SYS\workspace\SoftwareEngineering\XAMPP\htdocs\repo\application\tests\controllers\Auth_test.php" line="111" assertions="1" time="3.940781"/>
        <testcase name="test_set_account_teacher_true" class="Auth_test" classname="Auth_test" file="C:\Users\infot\Important SYS\workspace\SoftwareEngineering\XAMPP\htdocs\repo\application\tests\controllers\Auth_test.php" line="125" assertions="1" time="0.033181"/>
        <testcase name="test_set_account_student_true" class="Auth_test" classname="Auth_test" file="C:\Users\infot\Important SYS\workspace\SoftwareEngineering\XAMPP\htdocs\repo\application\tests\controllers\Auth_test.php" line="131" assertions="1" time="0.060269"/>
        <testcase name="test_Logout" class="Auth_test" classname="Auth_test" file="C:\Users\infot\Important SYS\workspace\SoftwareEngineering\XAMPP\htdocs\repo\application\tests\controllers\Auth_test.php" line="137" assertions="1" time="0.043753"/>
      </testsuite>
      <testsuite name="Pages_test" file="C:\Users\infot\Important SYS\workspace\SoftwareEngineering\XAMPP\htdocs\repo\application\tests\controllers\Pages_test.php" tests="6" assertions="6" errors="0" warnings="0" failures="0" skipped="0" time="0.288009">
        <testcase name="test_home" class="Pages_test" classname="Pages_test" file="C:\Users\infot\Important SYS\workspace\SoftwareEngineering\XAMPP\htdocs\repo\application\tests\controllers\Pages_test.php" line="7" assertions="1" time="0.067157"/>
        <testcase name="test_404" class="Pages_test" classname="Pages_test" file="C:\Users\infot\Important SYS\workspace\SoftwareEngineering\XAMPP\htdocs\repo\application\tests\controllers\Pages_test.php" line="11" assertions="1" time="0.031088"/>
        <testcase name="test_account_type_function" class="Pages_test" classname="Pages_test" file="C:\Users\infot\Important SYS\workspace\SoftwareEngineering\XAMPP\htdocs\repo\application\tests\controllers\Pages_test.php" line="15" assertions="1" time="0.048169"/>
        <testcase name="test_signup_redirect" class="Pages_test" classname="Pages_test" file="C:\Users\infot\Important SYS\workspace\SoftwareEngineering\XAMPP\htdocs\repo\application\tests\controllers\Pages_test.php" line="19" assertions="1" time="0.065212"/>
        <testcase name="test_login_function" class="Pages_test" classname="Pages_test" file="C:\Users\infot\Important SYS\workspace\SoftwareEngineering\XAMPP\htdocs\repo\application\tests\controllers\Pages_test.php" line="23" assertions="1" time="0.026436"/>
        <testcase name="test_profile_redirect" class="Pages_test" classname="Pages_test" file="C:\Users\infot\Important SYS\workspace\SoftwareEngineering\XAMPP\htdocs\repo\application\tests\controllers\Pages_test.php" line="27" assertions="1" time="0.049947"/>
      </testsuite>
    </testsuite>
  </testsuite>
</testsuites>
