<?xml version="1.0" encoding="UTF-8"?>
<testsuites>
  <testsuite name="" tests="9" assertions="9" errors="0" warnings="0" failures="0" skipped="0" time="0.497132">
    <testsuite name="CodeIgniter Application Test Suite" tests="9" assertions="9" errors="0" warnings="0" failures="0" skipped="0" time="0.497132">
      <testsuite name="Auth_test" file="C:\Users\infot\Important SYS\workspace\SoftwareEngineering\XAMPP\htdocs\repo\application\tests\controllers\Auth_test.php" tests="3" assertions="3" errors="0" warnings="0" failures="0" skipped="0" time="0.290013">
        <testcase name="test_Login_true" class="Auth_test" classname="Auth_test" file="C:\Users\infot\Important SYS\workspace\SoftwareEngineering\XAMPP\htdocs\repo\application\tests\controllers\Auth_test.php" line="7" assertions="1" time="0.205457"/>
        <testcase name="test_Login_false" class="Auth_test" classname="Auth_test" file="C:\Users\infot\Important SYS\workspace\SoftwareEngineering\XAMPP\htdocs\repo\application\tests\controllers\Auth_test.php" line="16" assertions="1" time="0.043624"/>
        <testcase name="test_resetpassword_true" class="Auth_test" classname="Auth_test" file="C:\Users\infot\Important SYS\workspace\SoftwareEngineering\XAMPP\htdocs\repo\application\tests\controllers\Auth_test.php" line="24" assertions="1" time="0.040932"/>
      </testsuite>
      <testsuite name="Pages_test" file="C:\Users\infot\Important SYS\workspace\SoftwareEngineering\XAMPP\htdocs\repo\application\tests\controllers\Pages_test.php" tests="6" assertions="6" errors="0" warnings="0" failures="0" skipped="0" time="0.207118">
        <testcase name="test_home" class="Pages_test" classname="Pages_test" file="C:\Users\infot\Important SYS\workspace\SoftwareEngineering\XAMPP\htdocs\repo\application\tests\controllers\Pages_test.php" line="7" assertions="1" time="0.031943"/>
        <testcase name="test_404" class="Pages_test" classname="Pages_test" file="C:\Users\infot\Important SYS\workspace\SoftwareEngineering\XAMPP\htdocs\repo\application\tests\controllers\Pages_test.php" line="11" assertions="1" time="0.032047"/>
        <testcase name="test_account_type_function" class="Pages_test" classname="Pages_test" file="C:\Users\infot\Important SYS\workspace\SoftwareEngineering\XAMPP\htdocs\repo\application\tests\controllers\Pages_test.php" line="15" assertions="1" time="0.045425"/>
        <testcase name="test_signup_redirect" class="Pages_test" classname="Pages_test" file="C:\Users\infot\Important SYS\workspace\SoftwareEngineering\XAMPP\htdocs\repo\application\tests\controllers\Pages_test.php" line="19" assertions="1" time="0.021420"/>
        <testcase name="test_login_function" class="Pages_test" classname="Pages_test" file="C:\Users\infot\Important SYS\workspace\SoftwareEngineering\XAMPP\htdocs\repo\application\tests\controllers\Pages_test.php" line="23" assertions="1" time="0.035195"/>
        <testcase name="test_profile_redirect" class="Pages_test" classname="Pages_test" file="C:\Users\infot\Important SYS\workspace\SoftwareEngineering\XAMPP\htdocs\repo\application\tests\controllers\Pages_test.php" line="27" assertions="1" time="0.041087"/>
      </testsuite>
    </testsuite>
  </testsuite>
</testsuites>
